Configuring dlist-0.7.1.1...
Building dlist-0.7.1.1...
Preprocessing library dlist-0.7.1.1...
[1 of 1] Compiling Data.DList       ( Data/DList.hs, dist/dist-sandbox-a04f340a/build/Data/DList.o )

Data/DList.hs:54:1: Warning:
    The import of ‘Data.Monoid’ is redundant
      except perhaps to import instances from ‘Data.Monoid’
    To import instances alone, use: import Data.Monoid()

Data/DList.hs:58:1: Warning:
    The import of ‘Data.Foldable’ is redundant
      except perhaps to import instances from ‘Data.Foldable’
    To import instances alone, use: import Data.Foldable()

Data/DList.hs:74:1: Warning:
    The import of ‘Applicative’
    from module ‘Control.Applicative’ is redundant
In-place registering dlist-0.7.1.1...
Creating package registration file:
/tmp/pkgConf-dlist-0.7.11780695788709393584.1
Installing library in
/home/cmotoche/Documents/haskell/scotty/.cabal-sandbox/lib/x86_64-linux-ghc-7.10.1/dlist-0.7.1.1-DpQOHSA52miLcQSbCpsx0X
Registering dlist-0.7.1.1...
