Configuring regex-compat-0.95.1...
Building regex-compat-0.95.1...
Preprocessing library regex-compat-0.95.1...
[1 of 1] Compiling Text.Regex       ( Text/Regex.hs, dist/dist-sandbox-a04f340a/build/Text/Regex.o )

Text/Regex.hs:50:1: Warning: Tab character

Text/Regex.hs:51:1: Warning: Tab character

Text/Regex.hs:63:12: Warning: Tab character

Text/Regex.hs:64:13: Warning: Tab character

Text/Regex.hs:65:21: Warning: Tab character

Text/Regex.hs:66:1: Warning: Tab character

Text/Regex.hs:67:1: Warning: Tab character

Text/Regex.hs:73:12: Warning: Tab character

Text/Regex.hs:74:13: Warning: Tab character

Text/Regex.hs:76:1: Warning: Tab character

Text/Regex.hs:77:1: Warning: Tab character

Text/Regex.hs:78:1: Warning: Tab character

Text/Regex.hs:79:1: Warning: Tab character

Text/Regex.hs:80:1: Warning: Tab character

Text/Regex.hs:81:1: Warning: Tab character
In-place registering regex-compat-0.95.1...
Creating package registration file:
/tmp/pkgConf-regex-compat-0.9514472676051369321801.1
Installing library in
/home/cmotoche/Documents/haskell/scotty/.cabal-sandbox/lib/x86_64-linux-ghc-7.10.1/regex-compat-0.95.1-DsaThvjcDpRGceYPQ2iyOg
Registering regex-compat-0.95.1...
