Configuring scientific-0.3.3.8...
Building scientific-0.3.3.8...
Preprocessing library scientific-0.3.3.8...
[1 of 4] Compiling Math.NumberTheory.Logarithms ( src/Math/NumberTheory/Logarithms.hs, dist/dist-sandbox-a04f340a/build/Math/NumberTheory/Logarithms.o )
[2 of 4] Compiling Data.Scientific  ( src/Data/Scientific.hs, dist/dist-sandbox-a04f340a/build/Data/Scientific.o )

src/Data/Scientific.hs:92:1: Warning:
    The import of ‘Data.Functor’ is redundant
      except perhaps to import instances from ‘Data.Functor’
    To import instances alone, use: import Data.Functor()
[3 of 4] Compiling Data.Text.Lazy.Builder.Scientific ( src/Data/Text/Lazy/Builder/Scientific.hs, dist/dist-sandbox-a04f340a/build/Data/Text/Lazy/Builder/Scientific.o )
[4 of 4] Compiling Data.ByteString.Builder.Scientific ( src/Data/ByteString/Builder/Scientific.hs, dist/dist-sandbox-a04f340a/build/Data/ByteString/Builder/Scientific.o )

src/Data/ByteString/Builder/Scientific.hs:26:1: Warning:
    The import of ‘Data.Monoid’ is redundant
      except perhaps to import instances from ‘Data.Monoid’
    To import instances alone, use: import Data.Monoid()
In-place registering scientific-0.3.3.8...
Creating package registration file:
/tmp/pkgConf-scientific-0.3.318566691791057418418.8
Installing library in
/home/cmotoche/Documents/haskell/scotty/.cabal-sandbox/lib/x86_64-linux-ghc-7.10.1/scientific-0.3.3.8-LdcrmPB2O4c97oDeSIOeEj
Registering scientific-0.3.3.8...
