Configuring vault-0.3.0.4...
Building vault-0.3.0.4...
Preprocessing library vault-0.3.0.4...
[1 of 5] Compiling Data.Unique.Really ( src/Data/Unique/Really.hs, dist/dist-sandbox-a04f340a/build/Data/Unique/Really.o )

src/Data/Unique/Really.hs:6:1: Warning:
    The import of ‘Control.Applicative’ is redundant
      except perhaps to import instances from ‘Control.Applicative’
    To import instances alone, use: import Control.Applicative()
[2 of 5] Compiling Data.Vault.ST.Strict ( src/Data/Vault/ST/Strict.hs, dist/dist-sandbox-a04f340a/build/Data/Vault/ST/Strict.o )

src/Data/Vault/ST/ST.hs:11:1: Warning:
    The import of ‘Data.Monoid’ is redundant
      except perhaps to import instances from ‘Data.Monoid’
    To import instances alone, use: import Data.Monoid()

src/Data/Vault/ST/ST.hs:13:1: Warning:
    The import of ‘Control.Applicative’ is redundant
      except perhaps to import instances from ‘Control.Applicative’
    To import instances alone, use: import Control.Applicative()
[3 of 5] Compiling Data.Vault.Strict ( src/Data/Vault/Strict.hs, dist/dist-sandbox-a04f340a/build/Data/Vault/Strict.o )
[4 of 5] Compiling Data.Vault.ST.Lazy ( src/Data/Vault/ST/Lazy.hs, dist/dist-sandbox-a04f340a/build/Data/Vault/ST/Lazy.o )

src/Data/Vault/ST/ST.hs:11:1: Warning:
    The import of ‘Data.Monoid’ is redundant
      except perhaps to import instances from ‘Data.Monoid’
    To import instances alone, use: import Data.Monoid()

src/Data/Vault/ST/ST.hs:13:1: Warning:
    The import of ‘Control.Applicative’ is redundant
      except perhaps to import instances from ‘Control.Applicative’
    To import instances alone, use: import Control.Applicative()
[5 of 5] Compiling Data.Vault.Lazy  ( src/Data/Vault/Lazy.hs, dist/dist-sandbox-a04f340a/build/Data/Vault/Lazy.o )
In-place registering vault-0.3.0.4...
Creating package registration file:
/tmp/pkgConf-vault-0.3.017970739401756915667.4
Installing library in
/home/cmotoche/Documents/haskell/scotty/.cabal-sandbox/lib/x86_64-linux-ghc-7.10.1/vault-0.3.0.4-E3htS0ESnBB4GMKcCulep6
Registering vault-0.3.0.4...
